# JRE version: Java(TM) SE Runtime Environment (8.0_144-b01) (build 1.8.0_144-b01)
# Java VM: Java HotSpot(TM) 64-Bit Server VM (25.144-b01 mixed mode windows-amd64 compressed oops)
Heap:
 PSYoungGen      total 74752K, used 25737K [0x000000076af80000, 0x0000000771b00000, 0x00000007c0000000)
  eden space 64000K, 37% used [0x000000076af80000,0x000000076c711aa0,0x000000076ee00000)
  from space 10752K, 14% used [0x000000076ef80000,0x000000076f110b98,0x000000076fa00000)
  to   space 23040K, 0% used [0x0000000770480000,0x0000000770480000,0x0000000771b00000)
 ParOldGen       total 84992K, used 6881K [0x00000006c0e00000, 0x00000006c6100000, 0x000000076af80000)
  object space 84992K, 8% used [0x00000006c0e00000,0x00000006c14b8408,0x00000006c6100000)
 Metaspace       used 31732K, capacity 32102K, committed 32384K, reserved 1077248K
  class space    used 3492K, capacity 3594K, committed 3712K, reserved 1048576K
GC Heap History (10 events):
Event: 11.253 GC heap before
{Heap before GC invocations=2 (full 0):
 PSYoungGen      total 76288K, used 76274K [0x000000076af80000, 0x0000000770480000, 0x00000007c0000000)
  eden space 65536K, 100% used [0x000000076af80000,0x000000076ef80000,0x000000076ef80000)
  from space 10752K, 99% used [0x000000076ef80000,0x000000076f9fc908,0x000000076fa00000)
  to   space 10752K, 0% used [0x000000076fa00000,0x000000076fa00000,0x0000000770480000)
 ParOldGen       total 175104K, used 10437K [0x00000006c0e00000, 0x00000006cb900000, 0x000000076af80000)
  object space 175104K, 5% used [0x00000006c0e00000,0x00000006c1831550,0x00000006cb900000)
 Metaspace       used 14916K, capacity 15202K, committed 15360K, reserved 1062912K
  class space    used 1832K, capacity 1937K, committed 2048K, reserved 1048576K
Event: 11.258 GC heap after
Heap after GC invocations=2 (full 0):
 PSYoungGen      total 76288K, used 5878K [0x000000076af80000, 0x0000000770480000, 0x00000007c0000000)
  eden space 65536K, 0% used [0x000000076af80000,0x000000076af80000,0x000000076ef80000)
  from space 10752K, 54% used [0x000000076fa00000,0x000000076ffbdbb8,0x0000000770480000)
  to   space 10752K, 0% used [0x000000076ef80000,0x000000076ef80000,0x000000076fa00000)
 ParOldGen       total 175104K, used 10461K [0x00000006c0e00000, 0x00000006cb900000, 0x000000076af80000)
  object space 175104K, 5% used [0x00000006c0e00000,0x00000006c1837560,0x00000006cb900000)
 Metaspace       used 14916K, capacity 15202K, committed 15360K, reserved 1062912K
  class space    used 1832K, capacity 1937K, committed 2048K, reserved 1048576K
}
Event: 11.958 GC heap before
{Heap before GC invocations=3 (full 0):
 PSYoungGen      total 76288K, used 49348K [0x000000076af80000, 0x0000000770480000, 0x00000007c0000000)
  eden space 65536K, 66% used [0x000000076af80000,0x000000076d9f34f0,0x000000076ef80000)
  from space 10752K, 54% used [0x000000076fa00000,0x000000076ffbdbb8,0x0000000770480000)
  to   space 10752K, 0% used [0x000000076ef80000,0x000000076ef80000,0x000000076fa00000)
 ParOldGen       total 175104K, used 10461K [0x00000006c0e00000, 0x00000006cb900000, 0x000000076af80000)
  object space 175104K, 5% used [0x00000006c0e00000,0x00000006c1837560,0x00000006cb900000)
 Metaspace       used 20672K, capacity 20984K, committed 21248K, reserved 1067008K
  class space    used 2589K, capacity 2692K, committed 2816K, reserved 1048576K
Event: 11.963 GC heap after
Heap after GC invocations=3 (full 0):
 PSYoungGen      total 76288K, used 7035K [0x000000076af80000, 0x0000000770480000, 0x00000007c0000000)
  eden space 65536K, 0% used [0x000000076af80000,0x000000076af80000,0x000000076ef80000)
  from space 10752K, 65% used [0x000000076ef80000,0x000000076f65ec50,0x000000076fa00000)
  to   space 10752K, 0% used [0x000000076fa00000,0x000000076fa00000,0x0000000770480000)
 ParOldGen       total 175104K, used 10469K [0x00000006c0e00000, 0x00000006cb900000, 0x000000076af80000)
  object space 175104K, 5% used [0x00000006c0e00000,0x00000006c1839560,0x00000006cb900000)
 Metaspace       used 20672K, capacity 20984K, committed 21248K, reserved 1067008K
  class space    used 2589K, capacity 2692K, committed 2816K, reserved 1048576K
}
Event: 11.963 GC heap before
{Heap before GC invocations=4 (full 1):
 PSYoungGen      total 76288K, used 7035K [0x000000076af80000, 0x0000000770480000, 0x00000007c0000000)
  eden space 65536K, 0% used [0x000000076af80000,0x000000076af80000,0x000000076ef80000)
  from space 10752K, 65% used [0x000000076ef80000,0x000000076f65ec50,0x000000076fa00000)
  to   space 10752K, 0% used [0x000000076fa00000,0x000000076fa00000,0x0000000770480000)
 ParOldGen       total 175104K, used 10469K [0x00000006c0e00000, 0x00000006cb900000, 0x000000076af80000)
  object space 175104K, 5% used [0x00000006c0e00000,0x00000006c1839560,0x00000006cb900000)
 Metaspace       used 20672K, capacity 20984K, committed 21248K, reserved 1067008K
  class space    used 2589K, capacity 2692K, committed 2816K, reserved 1048576K
Event: 11.987 GC heap after
Heap after GC invocations=4 (full 1):
 PSYoungGen      total 76288K, used 0K [0x000000076af80000, 0x0000000770480000, 0x00000007c0000000)
  eden space 65536K, 0% used [0x000000076af80000,0x000000076af80000,0x000000076ef80000)
  from space 10752K, 0% used [0x000000076ef80000,0x000000076ef80000,0x000000076fa00000)
  to   space 10752K, 0% used [0x000000076fa00000,0x000000076fa00000,0x0000000770480000)
 ParOldGen       total 84992K, used 6865K [0x00000006c0e00000, 0x00000006c6100000, 0x000000076af80000)
  object space 84992K, 8% used [0x00000006c0e00000,0x00000006c14b4408,0x00000006c6100000)
 Metaspace       used 20672K, capacity 20984K, committed 21248K, reserved 1067008K
  class space    used 2589K, capacity 2692K, committed 2816K, reserved 1048576K
}
Event: 21.995 GC heap before
{Heap before GC invocations=5 (full 1):
 PSYoungGen      total 76288K, used 65536K [0x000000076af80000, 0x0000000770480000, 0x00000007c0000000)
  eden space 65536K, 100% used [0x000000076af80000,0x000000076ef80000,0x000000076ef80000)
  from space 10752K, 0% used [0x000000076ef80000,0x000000076ef80000,0x000000076fa00000)
  to   space 10752K, 0% used [0x000000076fa00000,0x000000076fa00000,0x0000000770480000)
 ParOldGen       total 84992K, used 6865K [0x00000006c0e00000, 0x00000006c6100000, 0x000000076af80000)
  object space 84992K, 8% used [0x00000006c0e00000,0x00000006c14b4408,0x00000006c6100000)
 Metaspace       used 24417K, capacity 24768K, committed 25088K, reserved 1071104K
  class space    used 2905K, capacity 3012K, committed 3072K, reserved 1048576K
Event: 21.997 GC heap after
Heap after GC invocations=5 (full 1):
 PSYoungGen      total 76288K, used 1312K [0x000000076af80000, 0x0000000770480000, 0x00000007c0000000)
  eden space 65536K, 0% used [0x000000076af80000,0x000000076af80000,0x000000076ef80000)
  from space 10752K, 12% used [0x000000076fa00000,0x000000076fb48010,0x0000000770480000)
  to   space 10752K, 0% used [0x000000076ef80000,0x000000076ef80000,0x000000076fa00000)
 ParOldGen       total 84992K, used 6873K [0x00000006c0e00000, 0x00000006c6100000, 0x000000076af80000)
  object space 84992K, 8% used [0x00000006c0e00000,0x00000006c14b6408,0x00000006c6100000)
 Metaspace       used 24417K, capacity 24768K, committed 25088K, reserved 1071104K
  class space    used 2905K, capacity 3012K, committed 3072K, reserved 1048576K
}
Event: 28.360 GC heap before
{Heap before GC invocations=6 (full 1):
 PSYoungGen      total 76288K, used 66848K [0x000000076af80000, 0x0000000770480000, 0x00000007c0000000)
  eden space 65536K, 100% used [0x000000076af80000,0x000000076ef80000,0x000000076ef80000)
  from space 10752K, 12% used [0x000000076fa00000,0x000000076fb48010,0x0000000770480000)
  to   space 10752K, 0% used [0x000000076ef80000,0x000000076ef80000,0x000000076fa00000)
 ParOldGen       total 84992K, used 6873K [0x00000006c0e00000, 0x00000006c6100000, 0x000000076af80000)
  object space 84992K, 8% used [0x00000006c0e00000,0x00000006c14b6408,0x00000006c6100000)
 Metaspace       used 29560K, capacity 29926K, committed 30080K, reserved 1075200K
  class space    used 3323K, capacity 3434K, committed 3456K, reserved 1048576K
Event: 28.362 GC heap after
Heap after GC invocations=6 (full 1):
 PSYoungGen      total 74752K, used 1602K [0x000000076af80000, 0x0000000771b00000, 0x00000007c0000000)
  eden space 64000K, 0% used [0x000000076af80000,0x000000076af80000,0x000000076ee00000)
  from space 10752K, 14% used [0x000000076ef80000,0x000000076f110b98,0x000000076fa00000)
  to   space 23040K, 0% used [0x0000000770480000,0x0000000770480000,0x0000000771b00000)
 ParOldGen       total 84992K, used 6881K [0x00000006c0e00000, 0x00000006c6100000, 0x000000076af80000)
  object space 84992K, 8% used [0x00000006c0e00000,0x00000006c14b8408,0x00000006c6100000)
 Metaspace       used 29560K, capacity 29926K, committed 30080K, reserved 1075200K
  class space    used 3323K, capacity 3434K, committed 3456K, reserved 1048576K
}

